<?xml version="1.0" encoding="UTF-8"?>
<!-- Generated by org.testng.reporters.JUnitReportReporter -->
<testsuite hostname="Sukhchains-Macbook-Pro.local" name="test.test" tests="5" failures="0" timestamp="27 Sep 2015 14:49:41 GMT" time="286.542" errors="0">
  <testcase name="testSignIN" time="48.499" classname="test.test"/>
  <testcase name="testLogout" time="55.814" classname="test.test"/>
  <testcase name="testLoginWithFacebook" time="40.886" classname="test.test"/>
  <testcase name="signUpTest" time="65.659" classname="test.test"/>
  <testcase name="testSearchAndCreatePackage" time="75.684" classname="test.test"/>
</testsuite> <!-- test.test -->
