<?xml version="1.0" encoding="UTF-8"?>
<!-- Generated by org.testng.reporters.JUnitReportReporter -->
<testsuite hostname="Sukhchains-Macbook-Pro.local" name="test.UCTest" tests="5" failures="0" timestamp="27 Sep 2015 20:40:01 GMT" time="285.289" errors="0">
  <testcase name="testLoginWithFacebook" time="36.464" classname="test.UCTest"/>
  <testcase name="signUpTest" time="72.538" classname="test.UCTest"/>
  <testcase name="testLogout" time="52.490" classname="test.UCTest"/>
  <testcase name="testSearchAndCreatePackage" time="72.888" classname="test.UCTest"/>
  <testcase name="testSignIN" time="50.909" classname="test.UCTest"/>
</testsuite> <!-- test.UCTest -->
